<?xml version="1.0" encoding="UTF-8"?>
<!-- Generated by org.testng.reporters.JUnitXMLReporter -->
<testsuite ignored="0" hostname="LAPTOP-P0NF09LJ" failures="2" tests="3" name="Test" time="81.294" errors="0" timestamp="2022-12-17T17:10:45 IST">
  <testcase classname="com.edusoln.runner.TestNGRunner" name="testcase" time="0.028">
    <skipped/>
  </testcase> <!-- testcase -->
  <testcase classname="com.edusoln.runner.TestNGRunner" name="testcase" time="21.117">
    <failure type="java.lang.AssertionError" message="The following asserts failed:
	expected [true] but found [false],
	expected [Persona Details] but found [Personal Details]">
      <![CDATA[java.lang.AssertionError: The following asserts failed:
expected [true] but found [false],
expected [Persona Details] but found [Personal Details]
at com.edusoln.runner.TestNGRunner.testcase(TestNGRunner.java:71)
at java.base/java.util.ArrayList.forEach(ArrayList.java:1541)
... Removed 29 stack frames]]>
    </failure>
  </testcase> <!-- testcase -->
  <testcase classname="com.edusoln.runner.TestNGRunner" name="testcase" time="20.848">
    <failure type="java.lang.AssertionError" message="The following asserts failed:
	expected [true] but found [false],
	expected [Persona Details] but found [Personal Details]">
      <![CDATA[java.lang.AssertionError: The following asserts failed:
expected [true] but found [false],
expected [Persona Details] but found [Personal Details]
at com.edusoln.runner.TestNGRunner.testcase(TestNGRunner.java:71)
at java.base/java.util.ArrayList.forEach(ArrayList.java:1541)
... Removed 29 stack frames]]>
    </failure>
  </testcase> <!-- testcase -->
</testsuite> <!-- Test -->
